Copyright 1986-2017 Xilinx, Inc. All Rights Reserved.
-----------------------------------------------------------------------------------------------------------------------------------------
| Tool Version : Vivado v.2017.2 (win64) Build 1909853 Thu Jun 15 18:39:09 MDT 2017
| Date         : Tue Dec 19 12:19:12 2017
| Host         : DESKTOP-HMCOU6U running 64-bit major release  (build 9200)
| Command      : report_methodology -file uc_system_wrapper_methodology_drc_routed.rpt -rpx uc_system_wrapper_methodology_drc_routed.rpx
| Design       : uc_system_wrapper
| Device       : xc7a100tcsg324-1
| Speed File   : -1
| Design State : Routed
-----------------------------------------------------------------------------------------------------------------------------------------

Report Methodology

Table of Contents
-----------------
1. REPORT SUMMARY
2. REPORT DETAILS

1. REPORT SUMMARY
-----------------
            Netlist: netlist
          Floorplan: design_1
      Design limits: <entire design considered>
             Max violations: <unlimited>
             Violations found: 21
+-----------+----------+-------------------------------+------------+
| Rule      | Severity | Description                   | Violations |
+-----------+----------+-------------------------------+------------+
| TIMING-18 | Warning  | Missing input or output delay | 21         |
+-----------+----------+-------------------------------+------------+

2. REPORT DETAILS
-----------------
TIMING-18#1 Warning
Missing input or output delay  
An input delay is missing on reset_rtl relative to clock(s) clock_rtl 
Related violations: <none>

TIMING-18#2 Warning
Missing input or output delay  
An input delay is missing on uart_rtl_rxd relative to clock(s) clock_rtl 
Related violations: <none>

TIMING-18#3 Warning
Missing input or output delay  
An output delay is missing on generateout0 relative to clock(s) clock_rtl 
Related violations: <none>

TIMING-18#4 Warning
Missing input or output delay  
An output delay is missing on gpio_rtl_tri_o[0] relative to clock(s) clock_rtl 
Related violations: <none>

TIMING-18#5 Warning
Missing input or output delay  
An output delay is missing on gpio_rtl_tri_o[10] relative to clock(s) clock_rtl 
Related violations: <none>

TIMING-18#6 Warning
Missing input or output delay  
An output delay is missing on gpio_rtl_tri_o[11] relative to clock(s) clock_rtl 
Related violations: <none>

TIMING-18#7 Warning
Missing input or output delay  
An output delay is missing on gpio_rtl_tri_o[12] relative to clock(s) clock_rtl 
Related violations: <none>

TIMING-18#8 Warning
Missing input or output delay  
An output delay is missing on gpio_rtl_tri_o[13] relative to clock(s) clock_rtl 
Related violations: <none>

TIMING-18#9 Warning
Missing input or output delay  
An output delay is missing on gpio_rtl_tri_o[14] relative to clock(s) clock_rtl 
Related violations: <none>

TIMING-18#10 Warning
Missing input or output delay  
An output delay is missing on gpio_rtl_tri_o[15] relative to clock(s) clock_rtl 
Related violations: <none>

TIMING-18#11 Warning
Missing input or output delay  
An output delay is missing on gpio_rtl_tri_o[1] relative to clock(s) clock_rtl 
Related violations: <none>

TIMING-18#12 Warning
Missing input or output delay  
An output delay is missing on gpio_rtl_tri_o[2] relative to clock(s) clock_rtl 
Related violations: <none>

TIMING-18#13 Warning
Missing input or output delay  
An output delay is missing on gpio_rtl_tri_o[3] relative to clock(s) clock_rtl 
Related violations: <none>

TIMING-18#14 Warning
Missing input or output delay  
An output delay is missing on gpio_rtl_tri_o[4] relative to clock(s) clock_rtl 
Related violations: <none>

TIMING-18#15 Warning
Missing input or output delay  
An output delay is missing on gpio_rtl_tri_o[5] relative to clock(s) clock_rtl 
Related violations: <none>

TIMING-18#16 Warning
Missing input or output delay  
An output delay is missing on gpio_rtl_tri_o[6] relative to clock(s) clock_rtl 
Related violations: <none>

TIMING-18#17 Warning
Missing input or output delay  
An output delay is missing on gpio_rtl_tri_o[7] relative to clock(s) clock_rtl 
Related violations: <none>

TIMING-18#18 Warning
Missing input or output delay  
An output delay is missing on gpio_rtl_tri_o[8] relative to clock(s) clock_rtl 
Related violations: <none>

TIMING-18#19 Warning
Missing input or output delay  
An output delay is missing on gpio_rtl_tri_o[9] relative to clock(s) clock_rtl 
Related violations: <none>

TIMING-18#20 Warning
Missing input or output delay  
An output delay is missing on pwm0 relative to clock(s) clock_rtl 
Related violations: <none>

TIMING-18#21 Warning
Missing input or output delay  
An output delay is missing on uart_rtl_txd relative to clock(s) clock_rtl 
Related violations: <none>


