
*** Running vivado
    with args -log uc_system_microblaze_0_0.vds -m64 -product Vivado -mode batch -messageDb vivado.pb -notrace -source uc_system_microblaze_0_0.tcl


****** Vivado v2017.2 (64-bit)
  **** SW Build 1909853 on Thu Jun 15 18:39:09 MDT 2017
  **** IP Build 1909766 on Thu Jun 15 19:58:00 MDT 2017
    ** Copyright 1986-2017 Xilinx, Inc. All Rights Reserved.

source uc_system_microblaze_0_0.tcl -notrace
Starting RTL Elaboration : Time (s): cpu = 00:00:07 ; elapsed = 00:00:11 . Memory (MB): peak = 326.324 ; gain = 84.480
INFO: [Synth 8-638] synthesizing module 'uc_system_microblaze_0_0' [d:/projects/itmo/io_lab2/io_lab2/io_lab2.srcs/sources_1/bd/uc_system/ip/uc_system_microblaze_0_0/synth/uc_system_microblaze_0_0.vhd:107]
INFO: [Synth 8-256] done synthesizing module 'uc_system_microblaze_0_0' (47#1) [d:/projects/itmo/io_lab2/io_lab2/io_lab2.srcs/sources_1/bd/uc_system/ip/uc_system_microblaze_0_0/synth/uc_system_microblaze_0_0.vhd:107]
Finished RTL Elaboration : Time (s): cpu = 00:00:17 ; elapsed = 00:00:22 . Memory (MB): peak = 653.184 ; gain = 411.340
Finished RTL Optimization Phase 1 : Time (s): cpu = 00:00:18 ; elapsed = 00:00:24 . Memory (MB): peak = 653.184 ; gain = 411.340
INFO: [Device 21-403] Loading part xc7a100tcsg324-1
Constraint Validation Runtime : Time (s): cpu = 00:00:00 ; elapsed = 00:00:00.189 . Memory (MB): peak = 920.664 ; gain = 0.000
Finished Constraint Validation : Time (s): cpu = 00:00:39 ; elapsed = 00:00:48 . Memory (MB): peak = 920.664 ; gain = 678.820
Finished Loading Part and Timing Information : Time (s): cpu = 00:00:39 ; elapsed = 00:00:48 . Memory (MB): peak = 920.664 ; gain = 678.820
Finished applying 'set_property' XDC Constraints : Time (s): cpu = 00:00:39 ; elapsed = 00:00:48 . Memory (MB): peak = 920.664 ; gain = 678.820
Finished RTL Optimization Phase 2 : Time (s): cpu = 00:00:44 ; elapsed = 00:00:54 . Memory (MB): peak = 920.664 ; gain = 678.820
Finished Cross Boundary and Area Optimization : Time (s): cpu = 00:01:02 ; elapsed = 00:01:18 . Memory (MB): peak = 920.664 ; gain = 678.820
Finished Applying XDC Timing Constraints : Time (s): cpu = 00:01:15 ; elapsed = 00:01:34 . Memory (MB): peak = 920.664 ; gain = 678.820
Finished Timing Optimization : Time (s): cpu = 00:01:30 ; elapsed = 00:01:52 . Memory (MB): peak = 920.664 ; gain = 678.820
Finished Technology Mapping : Time (s): cpu = 00:01:31 ; elapsed = 00:01:54 . Memory (MB): peak = 920.664 ; gain = 678.820
Finished IO Insertion : Time (s): cpu = 00:01:32 ; elapsed = 00:01:55 . Memory (MB): peak = 920.664 ; gain = 678.820
Finished Renaming Generated Instances : Time (s): cpu = 00:01:32 ; elapsed = 00:01:55 . Memory (MB): peak = 920.664 ; gain = 678.820
Finished Rebuilding User Hierarchy : Time (s): cpu = 00:01:33 ; elapsed = 00:01:56 . Memory (MB): peak = 920.664 ; gain = 678.820
Finished Renaming Generated Ports : Time (s): cpu = 00:01:33 ; elapsed = 00:01:56 . Memory (MB): peak = 920.664 ; gain = 678.820
Finished Handling Custom Attributes : Time (s): cpu = 00:01:33 ; elapsed = 00:01:56 . Memory (MB): peak = 920.664 ; gain = 678.820
Finished Renaming Generated Nets : Time (s): cpu = 00:01:33 ; elapsed = 00:01:56 . Memory (MB): peak = 920.664 ; gain = 678.820

Report Cell Usage: 
+------+---------+------+
|      |Cell     |Count |
+------+---------+------+
|1     |AND2B1L  |     1|
|2     |LUT1     |    17|
|3     |LUT2     |    87|
|4     |LUT3     |   222|
|5     |LUT4     |   129|
|6     |LUT5     |   269|
|7     |LUT6     |   266|
|8     |LUT6_2   |    64|
|9     |MULT_AND |     1|
|10    |MUXCY_L  |   126|
|11    |MUXF7    |   108|
|12    |RAM32M   |    16|
|13    |SRL16E   |    75|
|14    |XORCY    |    94|
|15    |FDE      |    32|
|16    |FDR      |    89|
|17    |FDRE     |  1088|
|18    |FDS      |     1|
|19    |FDSE     |    35|
+------+---------+------+
Finished Writing Synthesis Report : Time (s): cpu = 00:01:33 ; elapsed = 00:01:56 . Memory (MB): peak = 920.664 ; gain = 678.820
synth_design: Time (s): cpu = 00:01:38 ; elapsed = 00:02:04 . Memory (MB): peak = 920.664 ; gain = 682.891
