
*** Running vivado
    with args -log uc_system_microblaze_0_0.vds -m64 -product Vivado -mode batch -messageDb vivado.pb -notrace -source uc_system_microblaze_0_0.tcl


****** Vivado v2017.2 (64-bit)
  **** SW Build 1909853 on Thu Jun 15 18:39:09 MDT 2017
  **** IP Build 1909766 on Thu Jun 15 19:58:00 MDT 2017
    ** Copyright 1986-2017 Xilinx, Inc. All Rights Reserved.

source uc_system_microblaze_0_0.tcl -notrace
Starting RTL Elaboration : Time (s): cpu = 00:00:06 ; elapsed = 00:00:06 . Memory (MB): peak = 327.086 ; gain = 85.262
INFO: [Synth 8-638] synthesizing module 'uc_system_microblaze_0_0' [d:/projects/itmo/io_lab2/io_lab2/io_lab2.srcs/sources_1/bd/uc_system/ip/uc_system_microblaze_0_0/synth/uc_system_microblaze_0_0.vhd:107]
INFO: [Synth 8-256] done synthesizing module 'uc_system_microblaze_0_0' (47#1) [d:/projects/itmo/io_lab2/io_lab2/io_lab2.srcs/sources_1/bd/uc_system/ip/uc_system_microblaze_0_0/synth/uc_system_microblaze_0_0.vhd:107]
Finished RTL Elaboration : Time (s): cpu = 00:00:16 ; elapsed = 00:00:17 . Memory (MB): peak = 652.848 ; gain = 411.023
Finished RTL Optimization Phase 1 : Time (s): cpu = 00:00:17 ; elapsed = 00:00:18 . Memory (MB): peak = 652.848 ; gain = 411.023
INFO: [Device 21-403] Loading part xc7a100tcsg324-1
Constraint Validation Runtime : Time (s): cpu = 00:00:00 ; elapsed = 00:00:00.105 . Memory (MB): peak = 920.719 ; gain = 0.316
Finished Constraint Validation : Time (s): cpu = 00:00:38 ; elapsed = 00:00:40 . Memory (MB): peak = 920.719 ; gain = 678.895
Finished Loading Part and Timing Information : Time (s): cpu = 00:00:38 ; elapsed = 00:00:40 . Memory (MB): peak = 920.719 ; gain = 678.895
Finished applying 'set_property' XDC Constraints : Time (s): cpu = 00:00:38 ; elapsed = 00:00:40 . Memory (MB): peak = 920.719 ; gain = 678.895
Finished RTL Optimization Phase 2 : Time (s): cpu = 00:00:42 ; elapsed = 00:00:44 . Memory (MB): peak = 920.719 ; gain = 678.895
Finished Cross Boundary and Area Optimization : Time (s): cpu = 00:00:59 ; elapsed = 00:01:02 . Memory (MB): peak = 920.719 ; gain = 678.895
Finished Applying XDC Timing Constraints : Time (s): cpu = 00:01:10 ; elapsed = 00:01:13 . Memory (MB): peak = 920.719 ; gain = 678.895
Finished Timing Optimization : Time (s): cpu = 00:01:15 ; elapsed = 00:01:18 . Memory (MB): peak = 920.719 ; gain = 678.895
Finished Technology Mapping : Time (s): cpu = 00:01:16 ; elapsed = 00:01:19 . Memory (MB): peak = 920.719 ; gain = 678.895
Finished IO Insertion : Time (s): cpu = 00:01:17 ; elapsed = 00:01:20 . Memory (MB): peak = 920.719 ; gain = 678.895
Finished Renaming Generated Instances : Time (s): cpu = 00:01:17 ; elapsed = 00:01:20 . Memory (MB): peak = 920.719 ; gain = 678.895
Finished Rebuilding User Hierarchy : Time (s): cpu = 00:01:18 ; elapsed = 00:01:21 . Memory (MB): peak = 920.719 ; gain = 678.895
Finished Renaming Generated Ports : Time (s): cpu = 00:01:18 ; elapsed = 00:01:21 . Memory (MB): peak = 920.719 ; gain = 678.895
Finished Handling Custom Attributes : Time (s): cpu = 00:01:18 ; elapsed = 00:01:21 . Memory (MB): peak = 920.719 ; gain = 678.895
Finished Renaming Generated Nets : Time (s): cpu = 00:01:18 ; elapsed = 00:01:21 . Memory (MB): peak = 920.719 ; gain = 678.895

Report Cell Usage: 
+------+---------+------+
|      |Cell     |Count |
+------+---------+------+
|1     |AND2B1L  |     1|
|2     |LUT1     |    15|
|3     |LUT2     |    30|
|4     |LUT3     |   200|
|5     |LUT4     |    77|
|6     |LUT5     |   215|
|7     |LUT6     |   311|
|8     |LUT6_2   |    64|
|9     |MULT_AND |     1|
|10    |MUXCY_L  |    94|
|11    |MUXF7    |   108|
|12    |RAM32M   |    16|
|13    |SRL16E   |    75|
|14    |XORCY    |    62|
|15    |FDE      |    32|
|16    |FDR      |    87|
|17    |FDRE     |  1069|
|18    |FDS      |     1|
|19    |FDSE     |    35|
+------+---------+------+
Finished Writing Synthesis Report : Time (s): cpu = 00:01:18 ; elapsed = 00:01:21 . Memory (MB): peak = 920.719 ; gain = 678.895
synth_design: Time (s): cpu = 00:01:21 ; elapsed = 00:01:26 . Memory (MB): peak = 920.719 ; gain = 682.965
