17:11:06 INFO  : Registering command handlers for SDK TCF services
17:11:07 INFO  : Launching XSCT server: xsct.bat -interactive C:\Users\Laptop\Documents\projects\io_lab2\io_lab2\io_lab2.sdk\temp_xsdb_launch_script.tcl
17:11:12 INFO  : XSCT server has started successfully.
17:11:12 INFO  : Successfully done setting XSCT server connection channel  
17:11:20 INFO  : Successfully done setting SDK workspace  
17:11:20 INFO  : Processing command line option -hwspec C:/Users/Laptop/Documents/projects/io_lab2/io_lab2/io_lab2.sdk/uc_system_wrapper.hdf.
17:40:19 INFO  : SDK has detected change in the last modified timestamps for source hardware specification file Source:1509979214922,  Project:1509972300113
17:40:19 INFO  : Project uc_system_wrapper_hw_platform_0's source hardware specification located at C:/Users/Laptop/Documents/projects/io_lab2/io_lab2/io_lab2.sdk/uc_system_wrapper.hdf is now different from the local copy.
		 The local copy will be replaced with the source specification and your workspace will be updated.
17:40:33 INFO  : Project uc_system_wrapper_hw_platform_0's source hardware specification location will not be monitored anymore.
17:41:22 INFO  : Registering command handlers for SDK TCF services
17:41:23 INFO  : Launching XSCT server: xsct.bat -interactive C:\Users\Laptop\Documents\projects\io_lab2\io_lab2\io_lab2.sdk\temp_xsdb_launch_script.tcl
17:41:27 INFO  : XSCT server has started successfully.
17:41:34 INFO  : Processing command line option -hwspec C:/Users/Laptop/Documents/projects/io_lab2/io_lab2/io_lab2.sdk/uc_system_wrapper.hdf.
17:41:34 INFO  : Successfully done setting XSCT server connection channel  
17:41:35 INFO  : Successfully done setting SDK workspace  
19:11:06 INFO  : CPU Number not found for processor microblaze_core, defaulting to 0 
13:38:44 INFO  : Registering command handlers for SDK TCF services
13:38:45 INFO  : Launching XSCT server: xsct.bat -interactive D:\projects\itmo\io_lab2\io_lab2\io_lab2.sdk\temp_xsdb_launch_script.tcl
13:38:51 INFO  : XSCT server has started successfully.
13:38:58 INFO  : Successfully done setting XSCT server connection channel  
13:38:58 INFO  : Successfully done setting SDK workspace  
13:38:58 INFO  : Processing command line option -hwspec D:/projects/itmo/io_lab2/io_lab2/io_lab2.sdk/uc_system_wrapper.hdf.
22:51:32 INFO  : Launching XSCT server: xsct.bat -interactive D:\projects\itmo\io_lab2\io_lab2\io_lab2.sdk\temp_xsdb_launch_script.tcl
22:51:36 INFO  : XSCT server has started successfully.
22:51:36 INFO  : Successfully done setting XSCT server connection channel  
22:51:36 INFO  : Successfully done setting SDK workspace  
22:51:38 INFO  : Registering command handlers for SDK TCF services
22:51:53 INFO  : Processing command line option -hwspec D:/projects/itmo/io_lab2/io_lab2/io_lab2.sdk/uc_system_wrapper.hdf.
22:51:53 INFO  : Checking for hwspec changes in the project uc_system_wrapper_hw_platform_2.
19:05:55 INFO  : Registering command handlers for SDK TCF services
19:05:56 INFO  : Launching XSCT server: xsct.bat -interactive D:\projects\itmo\io_lab2\io_lab2\io_lab2.sdk\temp_xsdb_launch_script.tcl
19:06:07 INFO  : XSCT server has started successfully.
19:06:07 INFO  : Successfully done setting XSCT server connection channel  
19:06:22 INFO  : Successfully done setting SDK workspace  
19:06:22 INFO  : Processing command line option -hwspec D:/projects/itmo/io_lab2/io_lab2/io_lab2.sdk/uc_system_wrapper.hdf.
19:06:22 INFO  : Checking for hwspec changes in the project uc_system_wrapper_hw_platform_2.
19:06:23 INFO  : SDK has detected change in the last modified timestamps for source hardware specification file Source:1513094692812,  Project:1512902132991
19:06:23 INFO  : The hardware specification for project 'uc_system_wrapper_hw_platform_2' is different from D:/projects/itmo/io_lab2/io_lab2/io_lab2.sdk/uc_system_wrapper.hdf.
19:06:23 INFO  : Copied contents of D:/projects/itmo/io_lab2/io_lab2/io_lab2.sdk/uc_system_wrapper.hdf into \uc_system_wrapper_hw_platform_2\system.hdf.
19:06:23 INFO  : Synchronizing projects in the workspace with the hardware platform specification changes.
19:06:23 INFO  : Clearing existing target manager status.
19:06:26 INFO  : Workspace synchronized with the new hardware specification file. Cleaning dependent projects...
19:06:26 WARN  : Linker script will not be updated automatically. Users need to update it manually.
01:12:40 INFO  : SDK has detected change in the last modified timestamps for source hardware specification file Source:1513116756189,  Project:1513094692812
01:12:40 INFO  : Project uc_system_wrapper_hw_platform_2's source hardware specification located at D:/projects/itmo/io_lab2/io_lab2/io_lab2.sdk/uc_system_wrapper.hdf is now different from the local copy.
		 The local copy will be replaced with the source specification and your workspace will be updated.
01:12:58 INFO  : Copied contents of D:/projects/itmo/io_lab2/io_lab2/io_lab2.sdk/uc_system_wrapper.hdf into \uc_system_wrapper_hw_platform_2\system.hdf.
01:12:58 INFO  : Synchronizing projects in the workspace with the hardware platform specification changes.
01:12:58 INFO  : Clearing existing target manager status.
01:12:58 INFO  : Workspace synchronized with the new hardware specification file. Cleaning dependent projects...
01:12:58 WARN  : Linker script will not be updated automatically. Users need to update it manually.
02:55:49 ERROR : Unexpected error while parsing XMD response ?: com.google.gson.JsonSyntaxException: com.google.gson.stream.MalformedJsonException: invalid number or unquoted string near 
10:46:12 INFO  : Registering command handlers for SDK TCF services
10:46:14 INFO  : Launching XSCT server: xsct.bat -interactive D:\projects\itmo\io_lab2\io_lab2\io_lab2.sdk\temp_xsdb_launch_script.tcl
10:46:20 INFO  : XSCT server has started successfully.
10:46:20 INFO  : Successfully done setting XSCT server connection channel  
10:46:25 INFO  : Successfully done setting SDK workspace  
10:46:25 INFO  : Processing command line option -hwspec D:/projects/itmo/io_lab2/io_lab2/io_lab2.sdk/uc_system_wrapper.hdf.
10:46:25 INFO  : Checking for hwspec changes in the project uc_system_wrapper_hw_platform_2.
10:46:26 INFO  : SDK has detected change in the last modified timestamps for source hardware specification file Source:1513151131544,  Project:1513116756189
10:46:26 INFO  : The hardware specification for project 'uc_system_wrapper_hw_platform_2' is different from D:/projects/itmo/io_lab2/io_lab2/io_lab2.sdk/uc_system_wrapper.hdf.
10:46:26 INFO  : Copied contents of D:/projects/itmo/io_lab2/io_lab2/io_lab2.sdk/uc_system_wrapper.hdf into \uc_system_wrapper_hw_platform_2\system.hdf.
10:46:26 INFO  : Synchronizing projects in the workspace with the hardware platform specification changes.
10:46:35 INFO  : 
10:46:37 INFO  : Updating hardware inferred compiler options for test.
10:46:37 INFO  : Clearing existing target manager status.
17:42:01 ERROR : Unexpected error while fetching XMD's response: 
java.net.SocketException: Connection reset
	at java.net.SocketInputStream.read(SocketInputStream.java:209)
	at java.net.SocketInputStream.read(SocketInputStream.java:141)
	at sun.nio.cs.StreamDecoder.readBytes(StreamDecoder.java:284)
	at sun.nio.cs.StreamDecoder.implRead(StreamDecoder.java:326)
	at sun.nio.cs.StreamDecoder.read(StreamDecoder.java:178)
	at java.io.InputStreamReader.read(InputStreamReader.java:184)
	at java.io.BufferedReader.fill(BufferedReader.java:161)
	at java.io.BufferedReader.read(BufferedReader.java:182)
	at com.xilinx.sdk.targetmanager.internal.json.XMDJSONProcess$CommandResultsReader.run(XMDJSONProcess.java:332)
	at java.lang.Thread.run(Thread.java:745)
17:42:01 ERROR : Zero sized response read from XMD. This indicates a communication error or a programming error.
14:24:33 INFO  : Registering command handlers for SDK TCF services
14:24:34 INFO  : Launching XSCT server: xsct.bat -interactive D:\projects\itmo\io_lab2\io_lab2\io_lab2.sdk\temp_xsdb_launch_script.tcl
14:24:38 INFO  : XSCT server has started successfully.
14:24:44 INFO  : Successfully done setting XSCT server connection channel  
14:24:44 INFO  : Successfully done setting SDK workspace  
14:24:44 INFO  : Processing command line option -hwspec D:/projects/itmo/io_lab2/io_lab2/io_lab2.sdk/uc_system_wrapper.hdf.
14:24:44 INFO  : Checking for hwspec changes in the project uc_system_wrapper_hw_platform_2.
14:24:44 INFO  : SDK has detected change in the last modified timestamps for source hardware specification file Source:1513509247817,  Project:1513151131544
14:24:44 INFO  : The hardware specification for project 'uc_system_wrapper_hw_platform_2' is different from D:/projects/itmo/io_lab2/io_lab2/io_lab2.sdk/uc_system_wrapper.hdf.
14:25:16 INFO  : Copied contents of D:/projects/itmo/io_lab2/io_lab2/io_lab2.sdk/uc_system_wrapper.hdf into \uc_system_wrapper_hw_platform_2\system.hdf.
14:25:21 INFO  : Synchronizing projects in the workspace with the hardware platform specification changes.
14:25:30 INFO  : 
14:25:31 INFO  : Updating hardware inferred compiler options for test.
14:25:31 INFO  : Clearing existing target manager status.
14:28:08 ERROR : Unexpected error while parsing XMD response ?: com.google.gson.JsonSyntaxException: com.google.gson.stream.MalformedJsonException: invalid number or unquoted string near 
14:28:21 INFO  : Registering command handlers for SDK TCF services
14:28:21 INFO  : Launching XSCT server: xsct.bat -interactive D:\projects\itmo\io_lab2\io_lab2\io_lab2.sdk\temp_xsdb_launch_script.tcl
14:28:23 INFO  : XSCT server has started successfully.
14:28:23 INFO  : Successfully done setting XSCT server connection channel  
14:28:24 INFO  : Successfully done setting SDK workspace  
14:28:24 INFO  : Processing command line option -hwspec D:/projects/itmo/io_lab2/io_lab2/io_lab2.sdk/uc_system_wrapper.hdf.
14:28:24 INFO  : Checking for hwspec changes in the project uc_system_wrapper_hw_platform_2.
14:59:51 INFO  : Registering command handlers for SDK TCF services
14:59:52 INFO  : Launching XSCT server: xsct.bat -interactive D:\projects\itmo\io_lab2\io_lab2\io_lab2.sdk\temp_xsdb_launch_script.tcl
14:59:56 INFO  : XSCT server has started successfully.
15:00:01 INFO  : Successfully done setting XSCT server connection channel  
15:00:01 INFO  : Successfully done setting SDK workspace  
15:00:01 INFO  : Processing command line option -hwspec D:/projects/itmo/io_lab2/io_lab2/io_lab2.sdk/uc_system_wrapper.hdf.
15:00:02 INFO  : Checking for hwspec changes in the project uc_system_wrapper_hw_platform_2.
15:00:02 INFO  : SDK has detected change in the last modified timestamps for source hardware specification file Source:1513598354806,  Project:1513509247817
15:00:02 INFO  : The hardware specification for project 'uc_system_wrapper_hw_platform_2' is different from D:/projects/itmo/io_lab2/io_lab2/io_lab2.sdk/uc_system_wrapper.hdf.
15:00:02 INFO  : Copied contents of D:/projects/itmo/io_lab2/io_lab2/io_lab2.sdk/uc_system_wrapper.hdf into \uc_system_wrapper_hw_platform_2\system.hdf.
15:00:02 INFO  : Synchronizing projects in the workspace with the hardware platform specification changes.
15:00:10 INFO  : 
15:00:12 INFO  : Updating hardware inferred compiler options for test.
15:00:12 INFO  : Clearing existing target manager status.
23:46:49 ERROR : Unexpected error while parsing XMD response ?: com.google.gson.JsonSyntaxException: com.google.gson.stream.MalformedJsonException: invalid number or unquoted string near 
11:09:42 INFO  : Registering command handlers for SDK TCF services
11:09:42 INFO  : Launching XSCT server: xsct.bat -interactive C:\Users\Laptop\Documents\projects\io_lab2\io_lab2\io_lab2.sdk\temp_xsdb_launch_script.tcl
11:09:47 INFO  : XSCT server has started successfully.
11:09:47 INFO  : Successfully done setting XSCT server connection channel  
11:09:57 INFO  : Successfully done setting SDK workspace  
11:09:57 INFO  : Processing command line option -hwspec C:/Users/Laptop/Documents/projects/io_lab2/io_lab2/io_lab2.sdk/uc_system_wrapper.hdf.
11:09:57 INFO  : Checking for hwspec changes in the project uc_system_wrapper_hw_platform_1.
11:09:57 INFO  : SDK has detected change in the last modified timestamps for source hardware specification file Source:1513632907929,  Project:1509979249595
11:09:57 INFO  : The hardware specification for project 'uc_system_wrapper_hw_platform_1' is different from C:/Users/Laptop/Documents/projects/io_lab2/io_lab2/io_lab2.sdk/uc_system_wrapper.hdf.
11:09:57 INFO  : Copied contents of C:/Users/Laptop/Documents/projects/io_lab2/io_lab2/io_lab2.sdk/uc_system_wrapper.hdf into \uc_system_wrapper_hw_platform_1\system.hdf.
11:11:00 INFO  : Synchronizing projects in the workspace with the hardware platform specification changes.
11:12:05 INFO  : Clearing existing target manager status.
11:12:07 INFO  : Workspace synchronized with the new hardware specification file. Cleaning dependent projects...
11:12:07 WARN  : Linker script will not be updated automatically. Users need to update it manually.
12:05:08 ERROR : Unexpected error while parsing XMD response ?: com.google.gson.JsonSyntaxException: com.google.gson.stream.MalformedJsonException: invalid number or unquoted string near 
12:05:43 INFO  : Registering command handlers for SDK TCF services
12:05:44 INFO  : Launching XSCT server: xsct.bat -interactive C:\Users\Laptop\Documents\projects\io_lab2\io_lab2\io_lab2.sdk\temp_xsdb_launch_script.tcl
12:05:48 INFO  : XSCT server has started successfully.
12:05:59 INFO  : Successfully done setting XSCT server connection channel  
12:05:59 INFO  : Processing command line option -hwspec C:/Users/Laptop/Documents/projects/io_lab2/io_lab2/io_lab2.sdk/uc_system_wrapper.hdf.
12:05:59 INFO  : Successfully done setting SDK workspace  
12:05:59 INFO  : Checking for hwspec changes in the project uc_system_wrapper_hw_platform_1.
22:39:35 INFO  : Registering command handlers for SDK TCF services
22:39:37 INFO  : Launching XSCT server: xsct.bat -interactive D:\projects\itmo\io_lab2\io_lab2\io_lab2.sdk\temp_xsdb_launch_script.tcl
22:39:41 INFO  : XSCT server has started successfully.
22:39:41 INFO  : Successfully done setting XSCT server connection channel  
22:39:56 INFO  : Successfully done setting SDK workspace  
22:39:56 INFO  : Processing command line option -hwspec D:/projects/itmo/io_lab2/io_lab2/io_lab2.sdk/uc_system_wrapper.hdf.
22:39:56 INFO  : Checking for hwspec changes in the project uc_system_wrapper_hw_platform_2.
22:39:56 INFO  : SDK has detected change in the last modified timestamps for source hardware specification file Source:1513632907929,  Project:1513598354806
22:39:56 INFO  : The hardware specification for project 'uc_system_wrapper_hw_platform_2' is different from D:/projects/itmo/io_lab2/io_lab2/io_lab2.sdk/uc_system_wrapper.hdf.
22:39:56 INFO  : Copied contents of D:/projects/itmo/io_lab2/io_lab2/io_lab2.sdk/uc_system_wrapper.hdf into \uc_system_wrapper_hw_platform_2\system.hdf.
22:39:56 INFO  : Synchronizing projects in the workspace with the hardware platform specification changes.
22:40:04 INFO  : 
22:40:06 INFO  : Updating hardware inferred compiler options for test.
22:40:06 INFO  : Clearing existing target manager status.
22:41:31 INFO  : SDK has detected change in the last modified timestamps for source hardware specification file Source:1513712486964,  Project:1513632907929
22:41:31 INFO  : Project uc_system_wrapper_hw_platform_2's source hardware specification located at D:/projects/itmo/io_lab2/io_lab2/io_lab2.sdk/uc_system_wrapper.hdf is now different from the local copy.
		 The local copy will be replaced with the source specification and your workspace will be updated.
22:41:33 INFO  : Copied contents of D:/projects/itmo/io_lab2/io_lab2/io_lab2.sdk/uc_system_wrapper.hdf into \uc_system_wrapper_hw_platform_2\system.hdf.
22:41:33 INFO  : Synchronizing projects in the workspace with the hardware platform specification changes.
22:41:35 INFO  : 
22:41:36 INFO  : Updating hardware inferred compiler options for test.
22:41:36 INFO  : Clearing existing target manager status.
23:38:17 ERROR : Unexpected error while parsing XMD response ?: com.google.gson.JsonSyntaxException: com.google.gson.stream.MalformedJsonException: invalid number or unquoted string near 
