INFO: [VRFC 10-2263] Analyzing Verilog file "D:/projects/itmo/io_lab2/io_lab2/io_lab2.ip_user_files/bd/uc_system/ip/uc_system_clk_wiz_0_0/uc_system_clk_wiz_0_0_clk_wiz.v" into library xil_defaultlib
INFO: [VRFC 10-311] analyzing module uc_system_clk_wiz_0_0_clk_wiz
INFO: [VRFC 10-2263] Analyzing Verilog file "D:/projects/itmo/io_lab2/io_lab2/io_lab2.ip_user_files/bd/uc_system/ip/uc_system_clk_wiz_0_0/uc_system_clk_wiz_0_0.v" into library xil_defaultlib
INFO: [VRFC 10-311] analyzing module uc_system_clk_wiz_0_0
INFO: [VRFC 10-2263] Analyzing Verilog file "D:/projects/itmo/io_lab2/io_lab2/io_lab2.ip_user_files/bd/uc_system/ip/uc_system_lmb_bram_0/sim/uc_system_lmb_bram_0.v" into library xil_defaultlib
INFO: [VRFC 10-311] analyzing module uc_system_lmb_bram_0
INFO: [VRFC 10-2263] Analyzing Verilog file "D:/projects/itmo/io_lab2/io_lab2/io_lab2.ip_user_files/bd/uc_system/ip/uc_system_xbar_1/sim/uc_system_xbar_1.v" into library xil_defaultlib
INFO: [VRFC 10-311] analyzing module uc_system_xbar_1
INFO: [VRFC 10-2263] Analyzing Verilog file "D:/projects/itmo/io_lab2/io_lab2/io_lab2.ip_user_files/bd/uc_system/hdl/uc_system.v" into library xil_defaultlib
INFO: [VRFC 10-311] analyzing module m00_couplers_imp_CL8XN8
INFO: [VRFC 10-311] analyzing module m01_couplers_imp_1XIA5N0
INFO: [VRFC 10-311] analyzing module microblaze_core_local_memory_imp_1NATDEJ
INFO: [VRFC 10-311] analyzing module s00_couplers_imp_1EAWDMW
INFO: [VRFC 10-311] analyzing module uc_system
INFO: [VRFC 10-311] analyzing module uc_system_microblaze_core_axi_periph_0
INFO: [VRFC 10-2263] Analyzing Verilog file "D:/projects/itmo/io_lab2/io_lab2/io_lab2.srcs/sources_1/bd/uc_system/hdl/uc_system_wrapper.v" into library xil_defaultlib
INFO: [VRFC 10-311] analyzing module uc_system_wrapper
INFO: [VRFC 10-2263] Analyzing Verilog file "D:/projects/itmo/io_lab2/io_lab2/io_lab2.srcs/sim_1/new/sim_tb.v" into library xil_defaultlib
INFO: [VRFC 10-311] analyzing module sim_tb
INFO: [VRFC 10-2263] Analyzing Verilog file "D:/projects/itmo/io_lab2/io_lab2/io_lab2.sim/sim_1/behav/glbl.v" into library xil_defaultlib
INFO: [VRFC 10-311] analyzing module glbl
