
*** Running vivado
    with args -log uc_system_xbar_1.vds -m64 -product Vivado -mode batch -messageDb vivado.pb -notrace -source uc_system_xbar_1.tcl


****** Vivado v2017.2 (64-bit)
  **** SW Build 1909853 on Thu Jun 15 18:39:09 MDT 2017
  **** IP Build 1909766 on Thu Jun 15 19:58:00 MDT 2017
    ** Copyright 1986-2017 Xilinx, Inc. All Rights Reserved.

source uc_system_xbar_1.tcl -notrace
Starting RTL Elaboration : Time (s): cpu = 00:00:09 ; elapsed = 00:00:10 . Memory (MB): peak = 332.305 ; gain = 81.918
INFO: [Synth 8-638] synthesizing module 'uc_system_xbar_1' [c:/Users/Laptop/Documents/projects/io_lab2/io_lab2/io_lab2.srcs/sources_1/bd/uc_system/ip/uc_system_xbar_1/synth/uc_system_xbar_1.v:59]
INFO: [Synth 8-638] synthesizing module 'axi_crossbar_v2_1_14_axi_crossbar' [c:/Users/Laptop/Documents/projects/io_lab2/io_lab2/io_lab2.srcs/sources_1/bd/uc_system/ipshared/f582/hdl/axi_crossbar_v2_1_vl_rfs.v:4882]
INFO: [Synth 8-638] synthesizing module 'axi_crossbar_v2_1_14_crossbar_sasd' [c:/Users/Laptop/Documents/projects/io_lab2/io_lab2/io_lab2.srcs/sources_1/bd/uc_system/ipshared/f582/hdl/axi_crossbar_v2_1_vl_rfs.v:1240]
INFO: [Synth 8-638] synthesizing module 'axi_crossbar_v2_1_14_addr_decoder' [c:/Users/Laptop/Documents/projects/io_lab2/io_lab2/io_lab2.srcs/sources_1/bd/uc_system/ipshared/f582/hdl/axi_crossbar_v2_1_vl_rfs.v:794]
INFO: [Synth 8-638] synthesizing module 'generic_baseblocks_v2_1_0_comparator_static' [c:/Users/Laptop/Documents/projects/io_lab2/io_lab2/io_lab2.srcs/sources_1/bd/uc_system/ipshared/f9c1/hdl/generic_baseblocks_v2_1_vl_rfs.v:2133]
INFO: [Synth 8-638] synthesizing module 'generic_baseblocks_v2_1_0_carry_and' [c:/Users/Laptop/Documents/projects/io_lab2/io_lab2/io_lab2.srcs/sources_1/bd/uc_system/ipshared/f9c1/hdl/generic_baseblocks_v2_1_vl_rfs.v:62]
INFO: [Synth 8-256] done synthesizing module 'generic_baseblocks_v2_1_0_carry_and' (1#1) [c:/Users/Laptop/Documents/projects/io_lab2/io_lab2/io_lab2.srcs/sources_1/bd/uc_system/ipshared/f9c1/hdl/generic_baseblocks_v2_1_vl_rfs.v:62]
INFO: [Synth 8-256] done synthesizing module 'generic_baseblocks_v2_1_0_comparator_static' (2#1) [c:/Users/Laptop/Documents/projects/io_lab2/io_lab2/io_lab2.srcs/sources_1/bd/uc_system/ipshared/f9c1/hdl/generic_baseblocks_v2_1_vl_rfs.v:2133]
INFO: [Synth 8-638] synthesizing module 'generic_baseblocks_v2_1_0_comparator_static__parameterized0' [c:/Users/Laptop/Documents/projects/io_lab2/io_lab2/io_lab2.srcs/sources_1/bd/uc_system/ipshared/f9c1/hdl/generic_baseblocks_v2_1_vl_rfs.v:2133]
INFO: [Synth 8-256] done synthesizing module 'generic_baseblocks_v2_1_0_comparator_static__parameterized0' (2#1) [c:/Users/Laptop/Documents/projects/io_lab2/io_lab2/io_lab2.srcs/sources_1/bd/uc_system/ipshared/f9c1/hdl/generic_baseblocks_v2_1_vl_rfs.v:2133]
INFO: [Synth 8-256] done synthesizing module 'axi_crossbar_v2_1_14_addr_decoder' (3#1) [c:/Users/Laptop/Documents/projects/io_lab2/io_lab2/io_lab2.srcs/sources_1/bd/uc_system/ipshared/f582/hdl/axi_crossbar_v2_1_vl_rfs.v:794]
INFO: [Synth 8-638] synthesizing module 'axi_crossbar_v2_1_14_decerr_slave' [c:/Users/Laptop/Documents/projects/io_lab2/io_lab2/io_lab2.srcs/sources_1/bd/uc_system/ipshared/f582/hdl/axi_crossbar_v2_1_vl_rfs.v:3500]
INFO: [Synth 8-256] done synthesizing module 'axi_crossbar_v2_1_14_decerr_slave' (4#1) [c:/Users/Laptop/Documents/projects/io_lab2/io_lab2/io_lab2.srcs/sources_1/bd/uc_system/ipshared/f582/hdl/axi_crossbar_v2_1_vl_rfs.v:3500]
INFO: [Synth 8-638] synthesizing module 'axi_crossbar_v2_1_14_addr_arbiter_sasd' [c:/Users/Laptop/Documents/projects/io_lab2/io_lab2/io_lab2.srcs/sources_1/bd/uc_system/ipshared/f582/hdl/axi_crossbar_v2_1_vl_rfs.v:65]
INFO: [Synth 8-256] done synthesizing module 'axi_crossbar_v2_1_14_addr_arbiter_sasd' (5#1) [c:/Users/Laptop/Documents/projects/io_lab2/io_lab2/io_lab2.srcs/sources_1/bd/uc_system/ipshared/f582/hdl/axi_crossbar_v2_1_vl_rfs.v:65]
INFO: [Synth 8-638] synthesizing module 'axi_crossbar_v2_1_14_splitter' [c:/Users/Laptop/Documents/projects/io_lab2/io_lab2/io_lab2.srcs/sources_1/bd/uc_system/ipshared/f582/hdl/axi_crossbar_v2_1_vl_rfs.v:4459]
INFO: [Synth 8-256] done synthesizing module 'axi_crossbar_v2_1_14_splitter' (6#1) [c:/Users/Laptop/Documents/projects/io_lab2/io_lab2/io_lab2.srcs/sources_1/bd/uc_system/ipshared/f582/hdl/axi_crossbar_v2_1_vl_rfs.v:4459]
INFO: [Synth 8-638] synthesizing module 'axi_crossbar_v2_1_14_splitter__parameterized0' [c:/Users/Laptop/Documents/projects/io_lab2/io_lab2/io_lab2.srcs/sources_1/bd/uc_system/ipshared/f582/hdl/axi_crossbar_v2_1_vl_rfs.v:4459]
INFO: [Synth 8-256] done synthesizing module 'axi_crossbar_v2_1_14_splitter__parameterized0' (6#1) [c:/Users/Laptop/Documents/projects/io_lab2/io_lab2/io_lab2.srcs/sources_1/bd/uc_system/ipshared/f582/hdl/axi_crossbar_v2_1_vl_rfs.v:4459]
INFO: [Synth 8-638] synthesizing module 'generic_baseblocks_v2_1_0_mux_enc' [c:/Users/Laptop/Documents/projects/io_lab2/io_lab2/io_lab2.srcs/sources_1/bd/uc_system/ipshared/f9c1/hdl/generic_baseblocks_v2_1_vl_rfs.v:2452]
INFO: [Synth 8-256] done synthesizing module 'generic_baseblocks_v2_1_0_mux_enc' (7#1) [c:/Users/Laptop/Documents/projects/io_lab2/io_lab2/io_lab2.srcs/sources_1/bd/uc_system/ipshared/f9c1/hdl/generic_baseblocks_v2_1_vl_rfs.v:2452]
INFO: [Synth 8-638] synthesizing module 'generic_baseblocks_v2_1_0_mux_enc__parameterized0' [c:/Users/Laptop/Documents/projects/io_lab2/io_lab2/io_lab2.srcs/sources_1/bd/uc_system/ipshared/f9c1/hdl/generic_baseblocks_v2_1_vl_rfs.v:2452]
INFO: [Synth 8-256] done synthesizing module 'generic_baseblocks_v2_1_0_mux_enc__parameterized0' (7#1) [c:/Users/Laptop/Documents/projects/io_lab2/io_lab2/io_lab2.srcs/sources_1/bd/uc_system/ipshared/f9c1/hdl/generic_baseblocks_v2_1_vl_rfs.v:2452]
INFO: [Synth 8-638] synthesizing module 'generic_baseblocks_v2_1_0_mux_enc__parameterized1' [c:/Users/Laptop/Documents/projects/io_lab2/io_lab2/io_lab2.srcs/sources_1/bd/uc_system/ipshared/f9c1/hdl/generic_baseblocks_v2_1_vl_rfs.v:2452]
INFO: [Synth 8-256] done synthesizing module 'generic_baseblocks_v2_1_0_mux_enc__parameterized1' (7#1) [c:/Users/Laptop/Documents/projects/io_lab2/io_lab2/io_lab2.srcs/sources_1/bd/uc_system/ipshared/f9c1/hdl/generic_baseblocks_v2_1_vl_rfs.v:2452]
INFO: [Synth 8-638] synthesizing module 'axi_register_slice_v2_1_13_axic_register_slice' [c:/Users/Laptop/Documents/projects/io_lab2/io_lab2/io_lab2.srcs/sources_1/bd/uc_system/ipshared/55c0/hdl/axi_register_slice_v2_1_vl_rfs.v:85]
INFO: [Synth 8-256] done synthesizing module 'axi_register_slice_v2_1_13_axic_register_slice' (8#1) [c:/Users/Laptop/Documents/projects/io_lab2/io_lab2/io_lab2.srcs/sources_1/bd/uc_system/ipshared/55c0/hdl/axi_register_slice_v2_1_vl_rfs.v:85]
INFO: [Synth 8-638] synthesizing module 'generic_baseblocks_v2_1_0_mux_enc__parameterized2' [c:/Users/Laptop/Documents/projects/io_lab2/io_lab2/io_lab2.srcs/sources_1/bd/uc_system/ipshared/f9c1/hdl/generic_baseblocks_v2_1_vl_rfs.v:2452]
INFO: [Synth 8-256] done synthesizing module 'generic_baseblocks_v2_1_0_mux_enc__parameterized2' (8#1) [c:/Users/Laptop/Documents/projects/io_lab2/io_lab2/io_lab2.srcs/sources_1/bd/uc_system/ipshared/f9c1/hdl/generic_baseblocks_v2_1_vl_rfs.v:2452]
INFO: [Synth 8-256] done synthesizing module 'axi_crossbar_v2_1_14_crossbar_sasd' (9#1) [c:/Users/Laptop/Documents/projects/io_lab2/io_lab2/io_lab2.srcs/sources_1/bd/uc_system/ipshared/f582/hdl/axi_crossbar_v2_1_vl_rfs.v:1240]
INFO: [Synth 8-256] done synthesizing module 'axi_crossbar_v2_1_14_axi_crossbar' (10#1) [c:/Users/Laptop/Documents/projects/io_lab2/io_lab2/io_lab2.srcs/sources_1/bd/uc_system/ipshared/f582/hdl/axi_crossbar_v2_1_vl_rfs.v:4882]
INFO: [Synth 8-256] done synthesizing module 'uc_system_xbar_1' (11#1) [c:/Users/Laptop/Documents/projects/io_lab2/io_lab2/io_lab2.srcs/sources_1/bd/uc_system/ip/uc_system_xbar_1/synth/uc_system_xbar_1.v:59]
Finished RTL Elaboration : Time (s): cpu = 00:00:18 ; elapsed = 00:00:19 . Memory (MB): peak = 453.273 ; gain = 202.887
Finished RTL Optimization Phase 1 : Time (s): cpu = 00:00:18 ; elapsed = 00:00:19 . Memory (MB): peak = 453.273 ; gain = 202.887
INFO: [Device 21-403] Loading part xc7a100tcsg324-1
Constraint Validation Runtime : Time (s): cpu = 00:00:00 ; elapsed = 00:00:00.061 . Memory (MB): peak = 683.348 ; gain = 0.000
Finished Constraint Validation : Time (s): cpu = 00:00:33 ; elapsed = 00:00:35 . Memory (MB): peak = 683.348 ; gain = 432.961
Finished Loading Part and Timing Information : Time (s): cpu = 00:00:33 ; elapsed = 00:00:35 . Memory (MB): peak = 683.348 ; gain = 432.961
Finished applying 'set_property' XDC Constraints : Time (s): cpu = 00:00:33 ; elapsed = 00:00:35 . Memory (MB): peak = 683.348 ; gain = 432.961
Finished RTL Optimization Phase 2 : Time (s): cpu = 00:00:34 ; elapsed = 00:00:36 . Memory (MB): peak = 683.348 ; gain = 432.961
Finished Cross Boundary and Area Optimization : Time (s): cpu = 00:00:35 ; elapsed = 00:00:37 . Memory (MB): peak = 683.348 ; gain = 432.961
Finished Applying XDC Timing Constraints : Time (s): cpu = 00:00:53 ; elapsed = 00:00:55 . Memory (MB): peak = 683.348 ; gain = 432.961
Finished Timing Optimization : Time (s): cpu = 00:00:54 ; elapsed = 00:00:56 . Memory (MB): peak = 683.348 ; gain = 432.961
Finished Technology Mapping : Time (s): cpu = 00:00:54 ; elapsed = 00:00:56 . Memory (MB): peak = 683.348 ; gain = 432.961
Finished IO Insertion : Time (s): cpu = 00:00:55 ; elapsed = 00:00:57 . Memory (MB): peak = 683.348 ; gain = 432.961
Finished Renaming Generated Instances : Time (s): cpu = 00:00:55 ; elapsed = 00:00:57 . Memory (MB): peak = 683.348 ; gain = 432.961
Finished Rebuilding User Hierarchy : Time (s): cpu = 00:00:55 ; elapsed = 00:00:57 . Memory (MB): peak = 683.348 ; gain = 432.961
Finished Renaming Generated Ports : Time (s): cpu = 00:00:55 ; elapsed = 00:00:57 . Memory (MB): peak = 683.348 ; gain = 432.961
Finished Handling Custom Attributes : Time (s): cpu = 00:00:55 ; elapsed = 00:00:57 . Memory (MB): peak = 683.348 ; gain = 432.961
Finished Renaming Generated Nets : Time (s): cpu = 00:00:55 ; elapsed = 00:00:57 . Memory (MB): peak = 683.348 ; gain = 432.961

Report Cell Usage: 
+------+-----+------+
|      |Cell |Count |
+------+-----+------+
|1     |LUT1 |     2|
|2     |LUT2 |    11|
|3     |LUT3 |     4|
|4     |LUT4 |    82|
|5     |LUT5 |    18|
|6     |LUT6 |    51|
|7     |FDRE |   130|
+------+-----+------+
Finished Writing Synthesis Report : Time (s): cpu = 00:00:55 ; elapsed = 00:00:57 . Memory (MB): peak = 683.348 ; gain = 432.961
synth_design: Time (s): cpu = 00:00:58 ; elapsed = 00:01:00 . Memory (MB): peak = 683.348 ; gain = 437.594
