Unable to capture context for thread 200 in process 16120, can not generate back trace
Unable to capture context for thread 4756 in process 16120, can not generate back trace
Exception at PC 0x00007FF9EF0BBB93
Printing stacktrace...

[0]  [0x00007FF9EF0BBB93]
[1]  [0x00007FF9EF0BBB93]
[2]  [0x00007FF9EF0BB4A1]
[3]  [0x00007FF9EF0BB3EF]
[4]  [0x00007FF9EF0A19FE]
[5]  [0x00007FF9EF0A0ED1]
[6]  [0x00007FF9EF0A0D76]
[7]  [0x00007FF9EF0479F6]
[8]  [0x00007FF9EF037AFB]
[9]  [0x00007FF9EF15E90A]
[10]  [0x00007FF9EF179F87]
[11]  [0x00007FF9EF17A05F]
[12] (BaseThreadInitThunk+0x14) [0x00007FFA5B6A1FE4]
[13] (RtlUserThreadStart+0x21) [0x00007FFA5C5FEF91]
Done
Exception at PC 0x00007FF9EEDC1A52
Attemped to write at address 0x00007FFA2D5DABA4
Printing stacktrace...

[0]  [0x00007FF9EEDC1A52]
[1]  [0x00007FF9EEDC1A52]
[2]  [0x00007FF9EEDC1AD4]
[3]  [0x00007FF9EEF03FF7]
[4]  [0x00007FF9EEDE9128]
[5]  [0x00007FF9EF09DFB9]
[6]  [0x00007FF9EF26EF23]
[7]  [0x00007FF9EF17B06B]
[8]  [0x00007FF9EF1708AF]
[9]  [0x00007FF9EF170A32]
[10] (RtlDeactivateActivationContextUnsafeFast+0x1b3) [0x00007FFA5C5A1473]
[11] (LdrShutdownProcess+0x125) [0x00007FFA5C5D0695]
[12] (RtlExitUserProcess+0xb4) [0x00007FFA5C5D0554]
[13] (ExitProcess+0xa) [0x00007FFA5B69F06A]
[14] (exit+0x75) [0x00007FFA5BF99B25]
[15] (initterm_e+0x21d) [0x00007FFA5BF9A16D]
[16]  [0x00000000004014CD]
[17]  [0x000000000040151B]
[18] (BaseThreadInitThunk+0x14) [0x00007FFA5B6A1FE4]
[19] (RtlUserThreadStart+0x21) [0x00007FFA5C5FEF91]
Done
