
*** Running vivado
    with args -log uc_system_xbar_1.vds -m64 -product Vivado -mode batch -messageDb vivado.pb -notrace -source uc_system_xbar_1.tcl


****** Vivado v2017.2 (64-bit)
  **** SW Build 1909853 on Thu Jun 15 18:39:09 MDT 2017
  **** IP Build 1909766 on Thu Jun 15 19:58:00 MDT 2017
    ** Copyright 1986-2017 Xilinx, Inc. All Rights Reserved.

source uc_system_xbar_1.tcl -notrace
Starting RTL Elaboration : Time (s): cpu = 00:00:06 ; elapsed = 00:00:07 . Memory (MB): peak = 336.551 ; gain = 88.355
INFO: [Synth 8-638] synthesizing module 'uc_system_xbar_1' [d:/projects/itmo/io_lab2/io_lab2/io_lab2.srcs/sources_1/bd/uc_system/ip/uc_system_xbar_1/synth/uc_system_xbar_1.v:59]
INFO: [Synth 8-638] synthesizing module 'axi_crossbar_v2_1_14_axi_crossbar' [d:/projects/itmo/io_lab2/io_lab2/io_lab2.srcs/sources_1/bd/uc_system/ipshared/f582/hdl/axi_crossbar_v2_1_vl_rfs.v:4882]
INFO: [Synth 8-638] synthesizing module 'axi_crossbar_v2_1_14_crossbar_sasd' [d:/projects/itmo/io_lab2/io_lab2/io_lab2.srcs/sources_1/bd/uc_system/ipshared/f582/hdl/axi_crossbar_v2_1_vl_rfs.v:1240]
INFO: [Synth 8-638] synthesizing module 'axi_crossbar_v2_1_14_addr_decoder' [d:/projects/itmo/io_lab2/io_lab2/io_lab2.srcs/sources_1/bd/uc_system/ipshared/f582/hdl/axi_crossbar_v2_1_vl_rfs.v:794]
INFO: [Synth 8-638] synthesizing module 'generic_baseblocks_v2_1_0_comparator_static' [d:/projects/itmo/io_lab2/io_lab2/io_lab2.srcs/sources_1/bd/uc_system/ipshared/f9c1/hdl/generic_baseblocks_v2_1_vl_rfs.v:2133]
INFO: [Synth 8-638] synthesizing module 'generic_baseblocks_v2_1_0_carry_and' [d:/projects/itmo/io_lab2/io_lab2/io_lab2.srcs/sources_1/bd/uc_system/ipshared/f9c1/hdl/generic_baseblocks_v2_1_vl_rfs.v:62]
INFO: [Synth 8-256] done synthesizing module 'generic_baseblocks_v2_1_0_carry_and' (1#1) [d:/projects/itmo/io_lab2/io_lab2/io_lab2.srcs/sources_1/bd/uc_system/ipshared/f9c1/hdl/generic_baseblocks_v2_1_vl_rfs.v:62]
INFO: [Synth 8-256] done synthesizing module 'generic_baseblocks_v2_1_0_comparator_static' (2#1) [d:/projects/itmo/io_lab2/io_lab2/io_lab2.srcs/sources_1/bd/uc_system/ipshared/f9c1/hdl/generic_baseblocks_v2_1_vl_rfs.v:2133]
INFO: [Synth 8-638] synthesizing module 'generic_baseblocks_v2_1_0_comparator_static__parameterized0' [d:/projects/itmo/io_lab2/io_lab2/io_lab2.srcs/sources_1/bd/uc_system/ipshared/f9c1/hdl/generic_baseblocks_v2_1_vl_rfs.v:2133]
INFO: [Synth 8-256] done synthesizing module 'generic_baseblocks_v2_1_0_comparator_static__parameterized0' (2#1) [d:/projects/itmo/io_lab2/io_lab2/io_lab2.srcs/sources_1/bd/uc_system/ipshared/f9c1/hdl/generic_baseblocks_v2_1_vl_rfs.v:2133]
INFO: [Synth 8-256] done synthesizing module 'axi_crossbar_v2_1_14_addr_decoder' (3#1) [d:/projects/itmo/io_lab2/io_lab2/io_lab2.srcs/sources_1/bd/uc_system/ipshared/f582/hdl/axi_crossbar_v2_1_vl_rfs.v:794]
INFO: [Synth 8-638] synthesizing module 'axi_crossbar_v2_1_14_decerr_slave' [d:/projects/itmo/io_lab2/io_lab2/io_lab2.srcs/sources_1/bd/uc_system/ipshared/f582/hdl/axi_crossbar_v2_1_vl_rfs.v:3500]
INFO: [Synth 8-256] done synthesizing module 'axi_crossbar_v2_1_14_decerr_slave' (4#1) [d:/projects/itmo/io_lab2/io_lab2/io_lab2.srcs/sources_1/bd/uc_system/ipshared/f582/hdl/axi_crossbar_v2_1_vl_rfs.v:3500]
INFO: [Synth 8-638] synthesizing module 'axi_crossbar_v2_1_14_addr_arbiter_sasd' [d:/projects/itmo/io_lab2/io_lab2/io_lab2.srcs/sources_1/bd/uc_system/ipshared/f582/hdl/axi_crossbar_v2_1_vl_rfs.v:65]
INFO: [Synth 8-256] done synthesizing module 'axi_crossbar_v2_1_14_addr_arbiter_sasd' (5#1) [d:/projects/itmo/io_lab2/io_lab2/io_lab2.srcs/sources_1/bd/uc_system/ipshared/f582/hdl/axi_crossbar_v2_1_vl_rfs.v:65]
INFO: [Synth 8-638] synthesizing module 'axi_crossbar_v2_1_14_splitter' [d:/projects/itmo/io_lab2/io_lab2/io_lab2.srcs/sources_1/bd/uc_system/ipshared/f582/hdl/axi_crossbar_v2_1_vl_rfs.v:4459]
INFO: [Synth 8-256] done synthesizing module 'axi_crossbar_v2_1_14_splitter' (6#1) [d:/projects/itmo/io_lab2/io_lab2/io_lab2.srcs/sources_1/bd/uc_system/ipshared/f582/hdl/axi_crossbar_v2_1_vl_rfs.v:4459]
INFO: [Synth 8-638] synthesizing module 'axi_crossbar_v2_1_14_splitter__parameterized0' [d:/projects/itmo/io_lab2/io_lab2/io_lab2.srcs/sources_1/bd/uc_system/ipshared/f582/hdl/axi_crossbar_v2_1_vl_rfs.v:4459]
INFO: [Synth 8-256] done synthesizing module 'axi_crossbar_v2_1_14_splitter__parameterized0' (6#1) [d:/projects/itmo/io_lab2/io_lab2/io_lab2.srcs/sources_1/bd/uc_system/ipshared/f582/hdl/axi_crossbar_v2_1_vl_rfs.v:4459]
INFO: [Synth 8-638] synthesizing module 'generic_baseblocks_v2_1_0_mux_enc' [d:/projects/itmo/io_lab2/io_lab2/io_lab2.srcs/sources_1/bd/uc_system/ipshared/f9c1/hdl/generic_baseblocks_v2_1_vl_rfs.v:2452]
INFO: [Synth 8-256] done synthesizing module 'generic_baseblocks_v2_1_0_mux_enc' (7#1) [d:/projects/itmo/io_lab2/io_lab2/io_lab2.srcs/sources_1/bd/uc_system/ipshared/f9c1/hdl/generic_baseblocks_v2_1_vl_rfs.v:2452]
INFO: [Synth 8-638] synthesizing module 'generic_baseblocks_v2_1_0_mux_enc__parameterized0' [d:/projects/itmo/io_lab2/io_lab2/io_lab2.srcs/sources_1/bd/uc_system/ipshared/f9c1/hdl/generic_baseblocks_v2_1_vl_rfs.v:2452]
INFO: [Synth 8-256] done synthesizing module 'generic_baseblocks_v2_1_0_mux_enc__parameterized0' (7#1) [d:/projects/itmo/io_lab2/io_lab2/io_lab2.srcs/sources_1/bd/uc_system/ipshared/f9c1/hdl/generic_baseblocks_v2_1_vl_rfs.v:2452]
INFO: [Synth 8-638] synthesizing module 'generic_baseblocks_v2_1_0_mux_enc__parameterized1' [d:/projects/itmo/io_lab2/io_lab2/io_lab2.srcs/sources_1/bd/uc_system/ipshared/f9c1/hdl/generic_baseblocks_v2_1_vl_rfs.v:2452]
INFO: [Synth 8-256] done synthesizing module 'generic_baseblocks_v2_1_0_mux_enc__parameterized1' (7#1) [d:/projects/itmo/io_lab2/io_lab2/io_lab2.srcs/sources_1/bd/uc_system/ipshared/f9c1/hdl/generic_baseblocks_v2_1_vl_rfs.v:2452]
INFO: [Synth 8-638] synthesizing module 'axi_register_slice_v2_1_13_axic_register_slice' [d:/projects/itmo/io_lab2/io_lab2/io_lab2.srcs/sources_1/bd/uc_system/ipshared/55c0/hdl/axi_register_slice_v2_1_vl_rfs.v:85]
INFO: [Synth 8-256] done synthesizing module 'axi_register_slice_v2_1_13_axic_register_slice' (8#1) [d:/projects/itmo/io_lab2/io_lab2/io_lab2.srcs/sources_1/bd/uc_system/ipshared/55c0/hdl/axi_register_slice_v2_1_vl_rfs.v:85]
INFO: [Synth 8-638] synthesizing module 'generic_baseblocks_v2_1_0_mux_enc__parameterized2' [d:/projects/itmo/io_lab2/io_lab2/io_lab2.srcs/sources_1/bd/uc_system/ipshared/f9c1/hdl/generic_baseblocks_v2_1_vl_rfs.v:2452]
INFO: [Synth 8-256] done synthesizing module 'generic_baseblocks_v2_1_0_mux_enc__parameterized2' (8#1) [d:/projects/itmo/io_lab2/io_lab2/io_lab2.srcs/sources_1/bd/uc_system/ipshared/f9c1/hdl/generic_baseblocks_v2_1_vl_rfs.v:2452]
INFO: [Synth 8-256] done synthesizing module 'axi_crossbar_v2_1_14_crossbar_sasd' (9#1) [d:/projects/itmo/io_lab2/io_lab2/io_lab2.srcs/sources_1/bd/uc_system/ipshared/f582/hdl/axi_crossbar_v2_1_vl_rfs.v:1240]
INFO: [Synth 8-256] done synthesizing module 'axi_crossbar_v2_1_14_axi_crossbar' (10#1) [d:/projects/itmo/io_lab2/io_lab2/io_lab2.srcs/sources_1/bd/uc_system/ipshared/f582/hdl/axi_crossbar_v2_1_vl_rfs.v:4882]
INFO: [Synth 8-256] done synthesizing module 'uc_system_xbar_1' (11#1) [d:/projects/itmo/io_lab2/io_lab2/io_lab2.srcs/sources_1/bd/uc_system/ip/uc_system_xbar_1/synth/uc_system_xbar_1.v:59]
Finished RTL Elaboration : Time (s): cpu = 00:00:12 ; elapsed = 00:00:14 . Memory (MB): peak = 481.820 ; gain = 233.625
Finished RTL Optimization Phase 1 : Time (s): cpu = 00:00:13 ; elapsed = 00:00:14 . Memory (MB): peak = 481.820 ; gain = 233.625
INFO: [Device 21-403] Loading part xc7a100tcsg324-1
Constraint Validation Runtime : Time (s): cpu = 00:00:00 ; elapsed = 00:00:00.138 . Memory (MB): peak = 721.922 ; gain = 1.504
Finished Constraint Validation : Time (s): cpu = 00:00:24 ; elapsed = 00:00:28 . Memory (MB): peak = 721.922 ; gain = 473.727
Finished Loading Part and Timing Information : Time (s): cpu = 00:00:24 ; elapsed = 00:00:28 . Memory (MB): peak = 721.922 ; gain = 473.727
Finished applying 'set_property' XDC Constraints : Time (s): cpu = 00:00:24 ; elapsed = 00:00:28 . Memory (MB): peak = 721.922 ; gain = 473.727
Finished RTL Optimization Phase 2 : Time (s): cpu = 00:00:24 ; elapsed = 00:00:28 . Memory (MB): peak = 721.922 ; gain = 473.727
Finished Cross Boundary and Area Optimization : Time (s): cpu = 00:00:25 ; elapsed = 00:00:29 . Memory (MB): peak = 721.922 ; gain = 473.727
Finished Applying XDC Timing Constraints : Time (s): cpu = 00:00:37 ; elapsed = 00:00:41 . Memory (MB): peak = 721.922 ; gain = 473.727
Finished Timing Optimization : Time (s): cpu = 00:00:37 ; elapsed = 00:00:42 . Memory (MB): peak = 728.203 ; gain = 480.008
Finished Technology Mapping : Time (s): cpu = 00:00:37 ; elapsed = 00:00:42 . Memory (MB): peak = 737.230 ; gain = 489.035
Finished IO Insertion : Time (s): cpu = 00:00:38 ; elapsed = 00:00:43 . Memory (MB): peak = 737.230 ; gain = 489.035
Finished Renaming Generated Instances : Time (s): cpu = 00:00:38 ; elapsed = 00:00:43 . Memory (MB): peak = 737.230 ; gain = 489.035
Finished Rebuilding User Hierarchy : Time (s): cpu = 00:00:38 ; elapsed = 00:00:43 . Memory (MB): peak = 737.230 ; gain = 489.035
Finished Renaming Generated Ports : Time (s): cpu = 00:00:38 ; elapsed = 00:00:43 . Memory (MB): peak = 737.230 ; gain = 489.035
Finished Handling Custom Attributes : Time (s): cpu = 00:00:38 ; elapsed = 00:00:43 . Memory (MB): peak = 737.230 ; gain = 489.035
Finished Renaming Generated Nets : Time (s): cpu = 00:00:38 ; elapsed = 00:00:43 . Memory (MB): peak = 737.230 ; gain = 489.035

Report Cell Usage: 
+------+-----+------+
|      |Cell |Count |
+------+-----+------+
|1     |LUT1 |     2|
|2     |LUT2 |     8|
|3     |LUT3 |     7|
|4     |LUT4 |    53|
|5     |LUT5 |    56|
|6     |LUT6 |    60|
|7     |FDRE |   131|
+------+-----+------+
Finished Writing Synthesis Report : Time (s): cpu = 00:00:38 ; elapsed = 00:00:43 . Memory (MB): peak = 737.230 ; gain = 489.035
synth_design: Time (s): cpu = 00:00:42 ; elapsed = 00:00:46 . Memory (MB): peak = 737.230 ; gain = 491.605
